Using pre-set license
Built from '2020.3/release' branch; Version is '2020.3.12f1 (b3b2c6512326) revision 11776710'; Using compiler version '192528614'; Build Type 'Release'
OS: 'Windows 10 Enterprise; OS build 18363.1679; Version 1909; 64bit' Language: 'zh' Physical Memory: 16291 MB
BatchMode: 1, IsHumanControllingUs: 0, StartBugReporterOnCrash: 0, Is64bit: 1, IsPro: 0

 COMMAND LINE ARGUMENTS:
C:\Program Files\Unity\Hub\Editor\2020.3.12f1\Editor\Unity.exe
-adb2
-batchMode
-noUpm
-name
AssetImportWorker0
-projectPath
C:/Users/IMLAB_Member/Desktop/工業4.0 CPS/Hao/四軸_click
-logFile
Logs/AssetImportWorker0.log
-srvPort
60375
Successfully changed project path to: C:/Users/IMLAB_Member/Desktop/工業4.0 CPS/Hao/四軸_click
C:/Users/IMLAB_Member/Desktop/工業4.0 CPS/Hao/四軸_click
Using Asset Import Pipeline V2.
Refreshing native plugins compatible for Editor in 90.91 ms, found 7 plugins.
Preloading 0 native plugins for Editor in 0.00 ms.
Initialize engine version: 2020.3.12f1 (b3b2c6512326)
[Subsystems] Discovering subsystems at path C:/Program Files/Unity/Hub/Editor/2020.3.12f1/Editor/Data/Resources/UnitySubsystems
[Subsystems] Discovering subsystems at path C:/Users/IMLAB_Member/Desktop/工業4.0 CPS/Hao/四軸_click/Assets
GfxDevice: creating device client; threaded=0
Direct3D:
    Version:  Direct3D 11.0 [level 11.1]
    Renderer: NVIDIA GeForce RTX 2060 (ID=0x1f08)
    Vendor:   
    VRAM:     5980 MB
    Driver:   27.21.14.5751
Shader 'Universal Render Pipeline/Particles/Lit': fallback shader 'Universal Render Pipeline/Particles/SimpleLit' not found
Initialize mono
Mono path[0] = 'C:/Program Files/Unity/Hub/Editor/2020.3.12f1/Editor/Data/Managed'
Mono path[1] = 'C:/Program Files/Unity/Hub/Editor/2020.3.12f1/Editor/Data/MonoBleedingEdge/lib/mono/unityjit'
Mono config path = 'C:/Program Files/Unity/Hub/Editor/2020.3.12f1/Editor/Data/MonoBleedingEdge/etc'
Using monoOptions --debugger-agent=transport=dt_socket,embedding=1,server=y,suspend=n,address=127.0.0.1:56464
Begin MonoManager ReloadAssembly
Registering precompiled unity dll's ...
Register platform support module: C:/Program Files/Unity/Hub/Editor/2020.3.12f1/Editor/Data/PlaybackEngines/WebGLSupport/UnityEditor.WebGL.Extensions.dll
Register platform support module: C:/Program Files/Unity/Hub/Editor/2020.3.12f1/Editor/Data/PlaybackEngines/WindowsStandaloneSupport/UnityEditor.WindowsStandalone.Extensions.dll
Registered in 0.002195 seconds.
Native extension for WindowsStandalone target not found
Native extension for WebGL target not found
Refreshing native plugins compatible for Editor in 77.08 ms, found 7 plugins.
Preloading 0 native plugins for Editor in 0.00 ms.
Mono: successfully reloaded assembly
- Completed reload, in  1.696 seconds
Platform modules already initialized, skipping
Registering precompiled user dll's ...
Registered in 0.010238 seconds.
Begin MonoManager ReloadAssembly
Native extension for WindowsStandalone target not found
Native extension for WebGL target not found
Refreshing native plugins compatible for Editor in 77.09 ms, found 7 plugins.
Preloading 0 native plugins for Editor in 0.00 ms.
Mono: successfully reloaded assembly
Refresh completed but there are assets queued up for importing. Check for code that modifies assets which gets called after OnPostProcessAllAssets. Additional details in Log file
UnityEngine.StackTraceUtility:ExtractStackTrace ()
UnityEditor.XR.OpenXR.Features.FeatureHelpersInternal:GetAllFeatureInfo (UnityEditor.BuildTargetGroup) (at Library/PackageCache/com.unity.xr.openxr@1.2.3/Editor/FeatureSupport/FeatureHelpers.cs:188)
UnityEditor.XR.OpenXR.Features.OpenXRFeatureSetManager:SetFeaturesFromEnabledFeatureSets (UnityEditor.BuildTargetGroup) (at Library/PackageCache/com.unity.xr.openxr@1.2.3/Editor/FeatureSupport/OpenXRFeatureSetManager.cs:344)
UnityEditor.XR.OpenXR.Features.OpenXRFeatureSetManager:InitializeFeatureSets (bool) (at Library/PackageCache/com.unity.xr.openxr@1.2.3/Editor/FeatureSupport/OpenXRFeatureSetManager.cs:274)
UnityEditor.XR.OpenXR.Features.OpenXRFeatureSetManager:InitializeFeatureSets () (at Library/PackageCache/com.unity.xr.openxr@1.2.3/Editor/FeatureSupport/OpenXRFeatureSetManager.cs:190)
UnityEditor.XR.OpenXR.Features.OpenXRFeatureSetManager:OnAssemblyReload () (at Library/PackageCache/com.unity.xr.openxr@1.2.3/Editor/FeatureSupport/OpenXRFeatureSetManager.cs:30)
UnityEditor.AssemblyReloadEvents:OnAfterAssemblyReload ()

[Library/PackageCache/com.unity.xr.openxr@1.2.3/Editor/FeatureSupport/FeatureHelpers.cs line 188]

Assets queued for import after Refresh completed:
	Assets/XR/Settings/OpenXR Package Settings.asset
RefreshInfo: StopAssetImportingV2(NoUpdateAssetOptions) scanfilter: 
RefreshProfiler: Total: 0.000ms
Assertion failed on expression: 'm_Ptr'
UnityEngine.StackTraceUtility:ExtractStackTrace ()
UnityEditor.XR.OpenXR.Features.FeatureHelpersInternal:GetAllFeatureInfo (UnityEditor.BuildTargetGroup) (at Library/PackageCache/com.unity.xr.openxr@1.2.3/Editor/FeatureSupport/FeatureHelpers.cs:188)
UnityEditor.XR.OpenXR.Features.OpenXRFeatureSetManager:SetFeaturesFromEnabledFeatureSets (UnityEditor.BuildTargetGroup) (at Library/PackageCache/com.unity.xr.openxr@1.2.3/Editor/FeatureSupport/OpenXRFeatureSetManager.cs:344)
UnityEditor.XR.OpenXR.Features.OpenXRFeatureSetManager:InitializeFeatureSets (bool) (at Library/PackageCache/com.unity.xr.openxr@1.2.3/Editor/FeatureSupport/OpenXRFeatureSetManager.cs:274)
UnityEditor.XR.OpenXR.Features.OpenXRFeatureSetManager:InitializeFeatureSets () (at Library/PackageCache/com.unity.xr.openxr@1.2.3/Editor/FeatureSupport/OpenXRFeatureSetManager.cs:190)
UnityEditor.XR.OpenXR.Features.OpenXRFeatureSetManager:OnAssemblyReload () (at Library/PackageCache/com.unity.xr.openxr@1.2.3/Editor/FeatureSupport/OpenXRFeatureSetManager.cs:30)
UnityEditor.AssemblyReloadEvents:OnAfterAssemblyReload ()

[Library/PackageCache/com.unity.xr.openxr@1.2.3/Editor/FeatureSupport/FeatureHelpers.cs line 188]

Refresh completed but there are assets queued up for importing. Check for code that modifies assets which gets called after OnPostProcessAllAssets. Additional details in Log file
UnityEngine.StackTraceUtility:ExtractStackTrace ()
UnityEditor.XR.OpenXR.Features.FeatureHelpersInternal:GetAllFeatureInfo (UnityEditor.BuildTargetGroup) (at Library/PackageCache/com.unity.xr.openxr@1.2.3/Editor/FeatureSupport/FeatureHelpers.cs:188)
UnityEditor.XR.OpenXR.Features.OpenXRFeatureSetManager:SetFeaturesFromEnabledFeatureSets (UnityEditor.BuildTargetGroup) (at Library/PackageCache/com.unity.xr.openxr@1.2.3/Editor/FeatureSupport/OpenXRFeatureSetManager.cs:344)
UnityEditor.XR.OpenXR.Features.OpenXRFeatureSetManager:InitializeFeatureSets (bool) (at Library/PackageCache/com.unity.xr.openxr@1.2.3/Editor/FeatureSupport/OpenXRFeatureSetManager.cs:274)
UnityEditor.XR.OpenXR.Features.OpenXRFeatureSetManager:InitializeFeatureSets () (at Library/PackageCache/com.unity.xr.openxr@1.2.3/Editor/FeatureSupport/OpenXRFeatureSetManager.cs:190)
UnityEditor.XR.OpenXR.Features.OpenXRFeatureSetManager:OnAssemblyReload () (at Library/PackageCache/com.unity.xr.openxr@1.2.3/Editor/FeatureSupport/OpenXRFeatureSetManager.cs:30)
UnityEditor.AssemblyReloadEvents:OnAfterAssemblyReload ()

[Library/PackageCache/com.unity.xr.openxr@1.2.3/Editor/FeatureSupport/FeatureHelpers.cs line 188]

Assets queued for import after Refresh completed:
	Assets/XR/Settings/OpenXR Package Settings.asset
RefreshInfo: StopAssetImportingV2(NoUpdateAssetOptions) scanfilter: 
RefreshProfiler: Total: 0.000ms
Assertion failed on expression: 'm_Ptr'
UnityEngine.StackTraceUtility:ExtractStackTrace ()
UnityEditor.XR.OpenXR.Features.FeatureHelpersInternal:GetAllFeatureInfo (UnityEditor.BuildTargetGroup) (at Library/PackageCache/com.unity.xr.openxr@1.2.3/Editor/FeatureSupport/FeatureHelpers.cs:188)
UnityEditor.XR.OpenXR.Features.OpenXRFeatureSetManager:SetFeaturesFromEnabledFeatureSets (UnityEditor.BuildTargetGroup) (at Library/PackageCache/com.unity.xr.openxr@1.2.3/Editor/FeatureSupport/OpenXRFeatureSetManager.cs:344)
UnityEditor.XR.OpenXR.Features.OpenXRFeatureSetManager:InitializeFeatureSets (bool) (at Library/PackageCache/com.unity.xr.openxr@1.2.3/Editor/FeatureSupport/OpenXRFeatureSetManager.cs:274)
UnityEditor.XR.OpenXR.Features.OpenXRFeatureSetManager:InitializeFeatureSets () (at Library/PackageCache/com.unity.xr.openxr@1.2.3/Editor/FeatureSupport/OpenXRFeatureSetManager.cs:190)
UnityEditor.XR.OpenXR.Features.OpenXRFeatureSetManager:OnAssemblyReload () (at Library/PackageCache/com.unity.xr.openxr@1.2.3/Editor/FeatureSupport/OpenXRFeatureSetManager.cs:30)
UnityEditor.AssemblyReloadEvents:OnAfterAssemblyReload ()

[Library/PackageCache/com.unity.xr.openxr@1.2.3/Editor/FeatureSupport/FeatureHelpers.cs line 188]

Refresh completed but there are assets queued up for importing. Check for code that modifies assets which gets called after OnPostProcessAllAssets. Additional details in Log file
UnityEngine.StackTraceUtility:ExtractStackTrace ()
UnityEditor.XR.OpenXR.Features.FeatureHelpersInternal:GetAllFeatureInfo (UnityEditor.BuildTargetGroup) (at Library/PackageCache/com.unity.xr.openxr@1.2.3/Editor/FeatureSupport/FeatureHelpers.cs:188)
UnityEditor.XR.OpenXR.Features.OpenXRFeatureSetManager:SetFeaturesFromEnabledFeatureSets (UnityEditor.BuildTargetGroup) (at Library/PackageCache/com.unity.xr.openxr@1.2.3/Editor/FeatureSupport/OpenXRFeatureSetManager.cs:344)
UnityEditor.XR.OpenXR.Features.OpenXRFeatureSetManager:InitializeFeatureSets (bool) (at Library/PackageCache/com.unity.xr.openxr@1.2.3/Editor/FeatureSupport/OpenXRFeatureSetManager.cs:274)
UnityEditor.XR.OpenXR.Features.OpenXRFeatureSetManager:InitializeFeatureSets () (at Library/PackageCache/com.unity.xr.openxr@1.2.3/Editor/FeatureSupport/OpenXRFeatureSetManager.cs:190)
UnityEditor.XR.OpenXR.Features.OpenXRFeatureSetManager:OnAssemblyReload () (at Library/PackageCache/com.unity.xr.openxr@1.2.3/Editor/FeatureSupport/OpenXRFeatureSetManager.cs:30)
UnityEditor.AssemblyReloadEvents:OnAfterAssemblyReload ()

[Library/PackageCache/com.unity.xr.openxr@1.2.3/Editor/FeatureSupport/FeatureHelpers.cs line 188]

Assets queued for import after Refresh completed:
	Assets/XR/Settings/OpenXR Package Settings.asset
RefreshInfo: StopAssetImportingV2(NoUpdateAssetOptions) scanfilter: 
RefreshProfiler: Total: 0.000ms
Assertion failed on expression: 'm_Ptr'
UnityEngine.StackTraceUtility:ExtractStackTrace ()
UnityEditor.XR.OpenXR.Features.FeatureHelpersInternal:GetAllFeatureInfo (UnityEditor.BuildTargetGroup) (at Library/PackageCache/com.unity.xr.openxr@1.2.3/Editor/FeatureSupport/FeatureHelpers.cs:188)
UnityEditor.XR.OpenXR.Features.OpenXRFeatureSetManager:SetFeaturesFromEnabledFeatureSets (UnityEditor.BuildTargetGroup) (at Library/PackageCache/com.unity.xr.openxr@1.2.3/Editor/FeatureSupport/OpenXRFeatureSetManager.cs:344)
UnityEditor.XR.OpenXR.Features.OpenXRFeatureSetManager:InitializeFeatureSets (bool) (at Library/PackageCache/com.unity.xr.openxr@1.2.3/Editor/FeatureSupport/OpenXRFeatureSetManager.cs:274)
UnityEditor.XR.OpenXR.Features.OpenXRFeatureSetManager:InitializeFeatureSets () (at Library/PackageCache/com.unity.xr.openxr@1.2.3/Editor/FeatureSupport/OpenXRFeatureSetManager.cs:190)
UnityEditor.XR.OpenXR.Features.OpenXRFeatureSetManager:OnAssemblyReload () (at Library/PackageCache/com.unity.xr.openxr@1.2.3/Editor/FeatureSupport/OpenXRFeatureSetManager.cs:30)
UnityEditor.AssemblyReloadEvents:OnAfterAssemblyReload ()

[Library/PackageCache/com.unity.xr.openxr@1.2.3/Editor/FeatureSupport/FeatureHelpers.cs line 188]

Refresh completed but there are assets queued up for importing. Check for code that modifies assets which gets called after OnPostProcessAllAssets. Additional details in Log file
UnityEngine.StackTraceUtility:ExtractStackTrace ()
UnityEditor.XR.OpenXR.Features.FeatureHelpersInternal:GetAllFeatureInfo (UnityEditor.BuildTargetGroup) (at Library/PackageCache/com.unity.xr.openxr@1.2.3/Editor/FeatureSupport/FeatureHelpers.cs:188)
UnityEditor.XR.OpenXR.Features.OpenXRFeatureSetManager:SetFeaturesFromEnabledFeatureSets (UnityEditor.BuildTargetGroup) (at Library/PackageCache/com.unity.xr.openxr@1.2.3/Editor/FeatureSupport/OpenXRFeatureSetManager.cs:344)
UnityEditor.XR.OpenXR.Features.OpenXRFeatureSetManager:InitializeFeatureSets (bool) (at Library/PackageCache/com.unity.xr.openxr@1.2.3/Editor/FeatureSupport/OpenXRFeatureSetManager.cs:274)
UnityEditor.XR.OpenXR.Features.OpenXRFeatureSetManager:InitializeFeatureSets () (at Library/PackageCache/com.unity.xr.openxr@1.2.3/Editor/FeatureSupport/OpenXRFeatureSetManager.cs:190)
UnityEditor.XR.OpenXR.Features.OpenXRFeatureSetManager:OnAssemblyReload () (at Library/PackageCache/com.unity.xr.openxr@1.2.3/Editor/FeatureSupport/OpenXRFeatureSetManager.cs:30)
UnityEditor.AssemblyReloadEvents:OnAfterAssemblyReload ()

[Library/PackageCache/com.unity.xr.openxr@1.2.3/Editor/FeatureSupport/FeatureHelpers.cs line 188]

Assets queued for import after Refresh completed:
	Assets/XR/Settings/OpenXR Package Settings.asset
RefreshInfo: StopAssetImportingV2(NoUpdateAssetOptions) scanfilter: 
RefreshProfiler: Total: 0.000ms
Assertion failed on expression: 'm_Ptr'
UnityEngine.StackTraceUtility:ExtractStackTrace ()
UnityEditor.XR.OpenXR.Features.FeatureHelpersInternal:GetAllFeatureInfo (UnityEditor.BuildTargetGroup) (at Library/PackageCache/com.unity.xr.openxr@1.2.3/Editor/FeatureSupport/FeatureHelpers.cs:188)
UnityEditor.XR.OpenXR.Features.OpenXRFeatureSetManager:SetFeaturesFromEnabledFeatureSets (UnityEditor.BuildTargetGroup) (at Library/PackageCache/com.unity.xr.openxr@1.2.3/Editor/FeatureSupport/OpenXRFeatureSetManager.cs:344)
UnityEditor.XR.OpenXR.Features.OpenXRFeatureSetManager:InitializeFeatureSets (bool) (at Library/PackageCache/com.unity.xr.openxr@1.2.3/Editor/FeatureSupport/OpenXRFeatureSetManager.cs:274)
UnityEditor.XR.OpenXR.Features.OpenXRFeatureSetManager:InitializeFeatureSets () (at Library/PackageCache/com.unity.xr.openxr@1.2.3/Editor/FeatureSupport/OpenXRFeatureSetManager.cs:190)
UnityEditor.XR.OpenXR.Features.OpenXRFeatureSetManager:OnAssemblyReload () (at Library/PackageCache/com.unity.xr.openxr@1.2.3/Editor/FeatureSupport/OpenXRFeatureSetManager.cs:30)
UnityEditor.AssemblyReloadEvents:OnAfterAssemblyReload ()

[Library/PackageCache/com.unity.xr.openxr@1.2.3/Editor/FeatureSupport/FeatureHelpers.cs line 188]

Refresh completed but there are assets queued up for importing. Check for code that modifies assets which gets called after OnPostProcessAllAssets. Additional details in Log file
UnityEngine.StackTraceUtility:ExtractStackTrace ()
UnityEditor.XR.OpenXR.Features.FeatureHelpersInternal:GetAllFeatureInfo (UnityEditor.BuildTargetGroup) (at Library/PackageCache/com.unity.xr.openxr@1.2.3/Editor/FeatureSupport/FeatureHelpers.cs:188)
UnityEditor.XR.OpenXR.Features.OpenXRFeatureSetManager:SetFeaturesFromEnabledFeatureSets (UnityEditor.BuildTargetGroup) (at Library/PackageCache/com.unity.xr.openxr@1.2.3/Editor/FeatureSupport/OpenXRFeatureSetManager.cs:344)
UnityEditor.XR.OpenXR.Features.OpenXRFeatureSetManager:InitializeFeatureSets (bool) (at Library/PackageCache/com.unity.xr.openxr@1.2.3/Editor/FeatureSupport/OpenXRFeatureSetManager.cs:274)
UnityEditor.XR.OpenXR.Features.OpenXRFeatureSetManager:InitializeFeatureSets () (at Library/PackageCache/com.unity.xr.openxr@1.2.3/Editor/FeatureSupport/OpenXRFeatureSetManager.cs:190)
UnityEditor.XR.OpenXR.Features.OpenXRFeatureSetManager:OnAssemblyReload () (at Library/PackageCache/com.unity.xr.openxr@1.2.3/Editor/FeatureSupport/OpenXRFeatureSetManager.cs:30)
UnityEditor.AssemblyReloadEvents:OnAfterAssemblyReload ()

[Library/PackageCache/com.unity.xr.openxr@1.2.3/Editor/FeatureSupport/FeatureHelpers.cs line 188]

Assets queued for import after Refresh completed:
	Assets/XR/Settings/OpenXR Package Settings.asset
RefreshInfo: StopAssetImportingV2(NoUpdateAssetOptions) scanfilter: 
RefreshProfiler: Total: 0.000ms
Assertion failed on expression: 'm_Ptr'
UnityEngine.StackTraceUtility:ExtractStackTrace ()
UnityEditor.XR.OpenXR.Features.FeatureHelpersInternal:GetAllFeatureInfo (UnityEditor.BuildTargetGroup) (at Library/PackageCache/com.unity.xr.openxr@1.2.3/Editor/FeatureSupport/FeatureHelpers.cs:188)
UnityEditor.XR.OpenXR.Features.OpenXRFeatureSetManager:SetFeaturesFromEnabledFeatureSets (UnityEditor.BuildTargetGroup) (at Library/PackageCache/com.unity.xr.openxr@1.2.3/Editor/FeatureSupport/OpenXRFeatureSetManager.cs:344)
UnityEditor.XR.OpenXR.Features.OpenXRFeatureSetManager:InitializeFeatureSets (bool) (at Library/PackageCache/com.unity.xr.openxr@1.2.3/Editor/FeatureSupport/OpenXRFeatureSetManager.cs:274)
UnityEditor.XR.OpenXR.Features.OpenXRFeatureSetManager:InitializeFeatureSets () (at Library/PackageCache/com.unity.xr.openxr@1.2.3/Editor/FeatureSupport/OpenXRFeatureSetManager.cs:190)
UnityEditor.XR.OpenXR.Features.OpenXRFeatureSetManager:OnAssemblyReload () (at Library/PackageCache/com.unity.xr.openxr@1.2.3/Editor/FeatureSupport/OpenXRFeatureSetManager.cs:30)
UnityEditor.AssemblyReloadEvents:OnAfterAssemblyReload ()

[Library/PackageCache/com.unity.xr.openxr@1.2.3/Editor/FeatureSupport/FeatureHelpers.cs line 188]

Refresh completed but there are assets queued up for importing. Check for code that modifies assets which gets called after OnPostProcessAllAssets. Additional details in Log file
UnityEngine.StackTraceUtility:ExtractStackTrace ()
UnityEditor.XR.OpenXR.Features.FeatureHelpersInternal:GetAllFeatureInfo (UnityEditor.BuildTargetGroup) (at Library/PackageCache/com.unity.xr.openxr@1.2.3/Editor/FeatureSupport/FeatureHelpers.cs:188)
UnityEditor.XR.OpenXR.Features.OpenXRFeatureSetManager:SetFeaturesFromEnabledFeatureSets (UnityEditor.BuildTargetGroup) (at Library/PackageCache/com.unity.xr.openxr@1.2.3/Editor/FeatureSupport/OpenXRFeatureSetManager.cs:344)
UnityEditor.XR.OpenXR.Features.OpenXRFeatureSetManager:InitializeFeatureSets (bool) (at Library/PackageCache/com.unity.xr.openxr@1.2.3/Editor/FeatureSupport/OpenXRFeatureSetManager.cs:274)
UnityEditor.XR.OpenXR.Features.OpenXRFeatureSetManager:InitializeFeatureSets () (at Library/PackageCache/com.unity.xr.openxr@1.2.3/Editor/FeatureSupport/OpenXRFeatureSetManager.cs:190)
UnityEditor.XR.OpenXR.Features.OpenXRFeatureSetManager:OnAssemblyReload () (at Library/PackageCache/com.unity.xr.openxr@1.2.3/Editor/FeatureSupport/OpenXRFeatureSetManager.cs:30)
UnityEditor.AssemblyReloadEvents:OnAfterAssemblyReload ()

[Library/PackageCache/com.unity.xr.openxr@1.2.3/Editor/FeatureSupport/FeatureHelpers.cs line 188]

Assets queued for import after Refresh completed:
	Assets/XR/Settings/OpenXR Package Settings.asset
RefreshInfo: StopAssetImportingV2(NoUpdateAssetOptions) scanfilter: 
RefreshProfiler: Total: 0.000ms
Assertion failed on expression: 'm_Ptr'
UnityEngine.StackTraceUtility:ExtractStackTrace ()
UnityEditor.XR.OpenXR.Features.FeatureHelpersInternal:GetAllFeatureInfo (UnityEditor.BuildTargetGroup) (at Library/PackageCache/com.unity.xr.openxr@1.2.3/Editor/FeatureSupport/FeatureHelpers.cs:188)
UnityEditor.XR.OpenXR.Features.OpenXRFeatureSetManager:SetFeaturesFromEnabledFeatureSets (UnityEditor.BuildTargetGroup) (at Library/PackageCache/com.unity.xr.openxr@1.2.3/Editor/FeatureSupport/OpenXRFeatureSetManager.cs:344)
UnityEditor.XR.OpenXR.Features.OpenXRFeatureSetManager:InitializeFeatureSets (bool) (at Library/PackageCache/com.unity.xr.openxr@1.2.3/Editor/FeatureSupport/OpenXRFeatureSetManager.cs:274)
UnityEditor.XR.OpenXR.Features.OpenXRFeatureSetManager:InitializeFeatureSets () (at Library/PackageCache/com.unity.xr.openxr@1.2.3/Editor/FeatureSupport/OpenXRFeatureSetManager.cs:190)
UnityEditor.XR.OpenXR.Features.OpenXRFeatureSetManager:OnAssemblyReload () (at Library/PackageCache/com.unity.xr.openxr@1.2.3/Editor/FeatureSupport/OpenXRFeatureSetManager.cs:30)
UnityEditor.AssemblyReloadEvents:OnAfterAssemblyReload ()

[Library/PackageCache/com.unity.xr.openxr@1.2.3/Editor/FeatureSupport/FeatureHelpers.cs line 188]

Refresh completed but there are assets queued up for importing. Check for code that modifies assets which gets called after OnPostProcessAllAssets. Additional details in Log file
UnityEngine.StackTraceUtility:ExtractStackTrace ()
UnityEditor.XR.OpenXR.Features.FeatureHelpersInternal:GetAllFeatureInfo (UnityEditor.BuildTargetGroup) (at Library/PackageCache/com.unity.xr.openxr@1.2.3/Editor/FeatureSupport/FeatureHelpers.cs:188)
UnityEditor.XR.OpenXR.Features.OpenXRFeatureSetManager:SetFeaturesFromEnabledFeatureSets (UnityEditor.BuildTargetGroup) (at Library/PackageCache/com.unity.xr.openxr@1.2.3/Editor/FeatureSupport/OpenXRFeatureSetManager.cs:344)
UnityEditor.XR.OpenXR.Features.OpenXRFeatureSetManager:InitializeFeatureSets (bool) (at Library/PackageCache/com.unity.xr.openxr@1.2.3/Editor/FeatureSupport/OpenXRFeatureSetManager.cs:274)
UnityEditor.XR.OpenXR.Features.OpenXRFeatureSetManager:InitializeFeatureSets () (at Library/PackageCache/com.unity.xr.openxr@1.2.3/Editor/FeatureSupport/OpenXRFeatureSetManager.cs:190)
UnityEditor.XR.OpenXR.Features.OpenXRFeatureSetManager:OnAssemblyReload () (at Library/PackageCache/com.unity.xr.openxr@1.2.3/Editor/FeatureSupport/OpenXRFeatureSetManager.cs:30)
UnityEditor.AssemblyReloadEvents:OnAfterAssemblyReload ()

[Library/PackageCache/com.unity.xr.openxr@1.2.3/Editor/FeatureSupport/FeatureHelpers.cs line 188]

Assets queued for import after Refresh completed:
	Assets/XR/Settings/OpenXR Package Settings.asset
RefreshInfo: StopAssetImportingV2(NoUpdateAssetOptions) scanfilter: 
RefreshProfiler: Total: 0.000ms
Assertion failed on expression: 'm_Ptr'
UnityEngine.StackTraceUtility:ExtractStackTrace ()
UnityEditor.XR.OpenXR.Features.FeatureHelpersInternal:GetAllFeatureInfo (UnityEditor.BuildTargetGroup) (at Library/PackageCache/com.unity.xr.openxr@1.2.3/Editor/FeatureSupport/FeatureHelpers.cs:188)
UnityEditor.XR.OpenXR.Features.OpenXRFeatureSetManager:SetFeaturesFromEnabledFeatureSets (UnityEditor.BuildTargetGroup) (at Library/PackageCache/com.unity.xr.openxr@1.2.3/Editor/FeatureSupport/OpenXRFeatureSetManager.cs:344)
UnityEditor.XR.OpenXR.Features.OpenXRFeatureSetManager:InitializeFeatureSets (bool) (at Library/PackageCache/com.unity.xr.openxr@1.2.3/Editor/FeatureSupport/OpenXRFeatureSetManager.cs:274)
UnityEditor.XR.OpenXR.Features.OpenXRFeatureSetManager:InitializeFeatureSets () (at Library/PackageCache/com.unity.xr.openxr@1.2.3/Editor/FeatureSupport/OpenXRFeatureSetManager.cs:190)
UnityEditor.XR.OpenXR.Features.OpenXRFeatureSetManager:OnAssemblyReload () (at Library/PackageCache/com.unity.xr.openxr@1.2.3/Editor/FeatureSupport/OpenXRFeatureSetManager.cs:30)
UnityEditor.AssemblyReloadEvents:OnAfterAssemblyReload ()

[Library/PackageCache/com.unity.xr.openxr@1.2.3/Editor/FeatureSupport/FeatureHelpers.cs line 188]

Refresh completed but there are assets queued up for importing. Check for code that modifies assets which gets called after OnPostProcessAllAssets. Additional details in Log file
UnityEngine.StackTraceUtility:ExtractStackTrace ()
UnityEditor.XR.OpenXR.Features.FeatureHelpersInternal:GetAllFeatureInfo (UnityEditor.BuildTargetGroup) (at Library/PackageCache/com.unity.xr.openxr@1.2.3/Editor/FeatureSupport/FeatureHelpers.cs:188)
UnityEditor.XR.OpenXR.Features.OpenXRFeatureSetManager:SetFeaturesFromEnabledFeatureSets (UnityEditor.BuildTargetGroup) (at Library/PackageCache/com.unity.xr.openxr@1.2.3/Editor/FeatureSupport/OpenXRFeatureSetManager.cs:344)
UnityEditor.XR.OpenXR.Features.OpenXRFeatureSetManager:InitializeFeatureSets (bool) (at Library/PackageCache/com.unity.xr.openxr@1.2.3/Editor/FeatureSupport/OpenXRFeatureSetManager.cs:274)
UnityEditor.XR.OpenXR.Features.OpenXRFeatureSetManager:InitializeFeatureSets () (at Library/PackageCache/com.unity.xr.openxr@1.2.3/Editor/FeatureSupport/OpenXRFeatureSetManager.cs:190)
UnityEditor.XR.OpenXR.Features.OpenXRFeatureSetManager:OnAssemblyReload () (at Library/PackageCache/com.unity.xr.openxr@1.2.3/Editor/FeatureSupport/OpenXRFeatureSetManager.cs:30)
UnityEditor.AssemblyReloadEvents:OnAfterAssemblyReload ()

[Library/PackageCache/com.unity.xr.openxr@1.2.3/Editor/FeatureSupport/FeatureHelpers.cs line 188]

Assets queued for import after Refresh completed:
	Assets/XR/Settings/OpenXR Package Settings.asset
RefreshInfo: StopAssetImportingV2(NoUpdateAssetOptions) scanfilter: 
RefreshProfiler: Total: 0.000ms
Assertion failed on expression: 'm_Ptr'
UnityEngine.StackTraceUtility:ExtractStackTrace ()
UnityEditor.XR.OpenXR.Features.FeatureHelpersInternal:GetAllFeatureInfo (UnityEditor.BuildTargetGroup) (at Library/PackageCache/com.unity.xr.openxr@1.2.3/Editor/FeatureSupport/FeatureHelpers.cs:188)
UnityEditor.XR.OpenXR.Features.OpenXRFeatureSetManager:SetFeaturesFromEnabledFeatureSets (UnityEditor.BuildTargetGroup) (at Library/PackageCache/com.unity.xr.openxr@1.2.3/Editor/FeatureSupport/OpenXRFeatureSetManager.cs:344)
UnityEditor.XR.OpenXR.Features.OpenXRFeatureSetManager:InitializeFeatureSets (bool) (at Library/PackageCache/com.unity.xr.openxr@1.2.3/Editor/FeatureSupport/OpenXRFeatureSetManager.cs:274)
UnityEditor.XR.OpenXR.Features.OpenXRFeatureSetManager:InitializeFeatureSets () (at Library/PackageCache/com.unity.xr.openxr@1.2.3/Editor/FeatureSupport/OpenXRFeatureSetManager.cs:190)
UnityEditor.XR.OpenXR.Features.OpenXRFeatureSetManager:OnAssemblyReload () (at Library/PackageCache/com.unity.xr.openxr@1.2.3/Editor/FeatureSupport/OpenXRFeatureSetManager.cs:30)
UnityEditor.AssemblyReloadEvents:OnAfterAssemblyReload ()

[Library/PackageCache/com.unity.xr.openxr@1.2.3/Editor/FeatureSupport/FeatureHelpers.cs line 188]

Refresh completed but there are assets queued up for importing. Check for code that modifies assets which gets called after OnPostProcessAllAssets. Additional details in Log file
UnityEngine.StackTraceUtility:ExtractStackTrace ()
UnityEditor.XR.OpenXR.Features.FeatureHelpersInternal:GetAllFeatureInfo (UnityEditor.BuildTargetGroup) (at Library/PackageCache/com.unity.xr.openxr@1.2.3/Editor/FeatureSupport/FeatureHelpers.cs:188)
UnityEditor.XR.OpenXR.Features.OpenXRFeatureSetManager:SetFeaturesFromEnabledFeatureSets (UnityEditor.BuildTargetGroup) (at Library/PackageCache/com.unity.xr.openxr@1.2.3/Editor/FeatureSupport/OpenXRFeatureSetManager.cs:344)
UnityEditor.XR.OpenXR.Features.OpenXRFeatureSetManager:InitializeFeatureSets (bool) (at Library/PackageCache/com.unity.xr.openxr@1.2.3/Editor/FeatureSupport/OpenXRFeatureSetManager.cs:274)
UnityEditor.XR.OpenXR.Features.OpenXRFeatureSetManager:InitializeFeatureSets () (at Library/PackageCache/com.unity.xr.openxr@1.2.3/Editor/FeatureSupport/OpenXRFeatureSetManager.cs:190)
UnityEditor.XR.OpenXR.Features.OpenXRFeatureSetManager:OnAssemblyReload () (at Library/PackageCache/com.unity.xr.openxr@1.2.3/Editor/FeatureSupport/OpenXRFeatureSetManager.cs:30)
UnityEditor.AssemblyReloadEvents:OnAfterAssemblyReload ()

[Library/PackageCache/com.unity.xr.openxr@1.2.3/Editor/FeatureSupport/FeatureHelpers.cs line 188]

Assets queued for import after Refresh completed:
	Assets/XR/Settings/OpenXR Package Settings.asset
RefreshInfo: StopAssetImportingV2(NoUpdateAssetOptions) scanfilter: 
RefreshProfiler: Total: 0.000ms
Assertion failed on expression: 'm_Ptr'
UnityEngine.StackTraceUtility:ExtractStackTrace ()
UnityEditor.XR.OpenXR.Features.FeatureHelpersInternal:GetAllFeatureInfo (UnityEditor.BuildTargetGroup) (at Library/PackageCache/com.unity.xr.openxr@1.2.3/Editor/FeatureSupport/FeatureHelpers.cs:188)
UnityEditor.XR.OpenXR.Features.OpenXRFeatureSetManager:SetFeaturesFromEnabledFeatureSets (UnityEditor.BuildTargetGroup) (at Library/PackageCache/com.unity.xr.openxr@1.2.3/Editor/FeatureSupport/OpenXRFeatureSetManager.cs:344)
UnityEditor.XR.OpenXR.Features.OpenXRFeatureSetManager:InitializeFeatureSets (bool) (at Library/PackageCache/com.unity.xr.openxr@1.2.3/Editor/FeatureSupport/OpenXRFeatureSetManager.cs:274)
UnityEditor.XR.OpenXR.Features.OpenXRFeatureSetManager:InitializeFeatureSets () (at Library/PackageCache/com.unity.xr.openxr@1.2.3/Editor/FeatureSupport/OpenXRFeatureSetManager.cs:190)
UnityEditor.XR.OpenXR.Features.OpenXRFeatureSetManager:OnAssemblyReload () (at Library/PackageCache/com.unity.xr.openxr@1.2.3/Editor/FeatureSupport/OpenXRFeatureSetManager.cs:30)
UnityEditor.AssemblyReloadEvents:OnAfterAssemblyReload ()

[Library/PackageCache/com.unity.xr.openxr@1.2.3/Editor/FeatureSupport/FeatureHelpers.cs line 188]

- Completed reload, in  1.736 seconds
Platform modules already initialized, skipping
========================================================================
Worker process is ready to serve import requests
Shader 'Universal Render Pipeline/Particles/Lit': fallback shader 'Universal Render Pipeline/Particles/SimpleLit' not found
Launched and connected shader compiler UnityShaderCompiler.exe after 0.05 seconds
Refreshing native plugins compatible for Editor in 1.33 ms, found 7 plugins.
Preloading 0 native plugins for Editor in 0.00 ms.
Unloading 3792 Unused Serialized files (Serialized files now loaded: 0)
System memory in use before: 163.0 MB.
System memory in use after: 163.0 MB.

Unloading 130 unused Assets to reduce memory usage. Loaded Objects now: 4253.
Total: 6.438700 ms (FindLiveObjects: 0.446100 ms CreateObjectMapping: 0.152900 ms MarkObjects: 5.593100 ms  DeleteObjects: 0.245300 ms)

AssetImportParameters requested are different than current active one (requested -> active):
  custom:framework-win-MediaFoundation: 216162199b28c13a410421893ffa2e32 -> 
  custom:video-decoder-ogg-theora: a1e56fd34408186e4bbccfd4996cb3dc -> 
  custom:container-muxer-webm: aa71ff27fc2769a1b78a27578f13a17b -> 
  custom:container-demuxer-webm: 4f35f7cbe854078d1ac9338744f61a02 -> 
  custom:container-demuxer-ogg: 62fdf1f143b41e24485cea50d1cbac27 -> 
  custom:video-encoder-webm-vp8: eb34c28f22e8b96e1ab97ce403110664 -> 
  custom:video-decoder-webm-vp8: 9c59270c3fd7afecdb556c50c9e8de78 -> 
  custom:audio-decoder-ogg-vorbis: bf7c407c2cedff20999df2af8eb42d56 -> 
  custom:audio-encoder-webm-vorbis: bf7c407c2cedff20999df2af8eb42d56 -> 
========================================================================
Received Import Request.
  path: Packages/com.unity.render-pipelines.core/Runtime/Debugging/Prefabs/Widgets/DebugUI EnumHistory.prefab
  artifactKey: Guid(b2da6b27df236b144b3516ed8e7d36ac) Importer(815301076,1909f56bfc062723c751e8b465ee728b)
Start importing Packages/com.unity.render-pipelines.core/Runtime/Debugging/Prefabs/Widgets/DebugUI EnumHistory.prefab using Guid(b2da6b27df236b144b3516ed8e7d36ac) Importer(815301076,1909f56bfc062723c751e8b465ee728b)  -> (artifact id: 'c457be37de7cf02ba5a2b8aa5cc95479') in 0.099536 seconds 
  Import took 0.105987 seconds .

========================================================================
Received Import Request.
  Time since last request: 0.000233 seconds.
  path: Packages/com.unity.render-pipelines.core/Runtime/Debugging/Prefabs/Widgets/DebugUI Group.prefab
  artifactKey: Guid(38a07789c9e87004dad98c2909f58369) Importer(815301076,1909f56bfc062723c751e8b465ee728b)
Start importing Packages/com.unity.render-pipelines.core/Runtime/Debugging/Prefabs/Widgets/DebugUI Group.prefab using Guid(38a07789c9e87004dad98c2909f58369) Importer(815301076,1909f56bfc062723c751e8b465ee728b)  -> (artifact id: '8afb502932e89a104398ec762f6073c7') in 0.035069 seconds 
  Import took 0.041170 seconds .

========================================================================
Received Import Request.
  Time since last request: 0.000208 seconds.
  path: Packages/com.unity.render-pipelines.core/Runtime/Debugging/Prefabs/Resources/DebugUI Persistent Canvas.prefab
  artifactKey: Guid(f6b1a0fe75d5009449cf55ae76220e2b) Importer(815301076,1909f56bfc062723c751e8b465ee728b)
Start importing Packages/com.unity.render-pipelines.core/Runtime/Debugging/Prefabs/Resources/DebugUI Persistent Canvas.prefab using Guid(f6b1a0fe75d5009449cf55ae76220e2b) Importer(815301076,1909f56bfc062723c751e8b465ee728b)  -> (artifact id: '0b8f9e2987def51d4df904719ce1e848') in 0.012705 seconds 
  Import took 0.020188 seconds .

========================================================================
Received Import Request.
  Time since last request: 0.000231 seconds.
  path: Packages/com.unity.render-pipelines.core/Runtime/Debugging/Prefabs/Widgets/DebugUI Vector3.prefab
  artifactKey: Guid(94afea5f242d72547979595ba963f335) Importer(815301076,1909f56bfc062723c751e8b465ee728b)
Start importing Packages/com.unity.render-pipelines.core/Runtime/Debugging/Prefabs/Widgets/DebugUI Vector3.prefab using Guid(94afea5f242d72547979595ba963f335) Importer(815301076,1909f56bfc062723c751e8b465ee728b)  -> (artifact id: '427bd6a1d37020f428c30b798459a2f3') in 0.047900 seconds 
  Import took 0.054337 seconds .

========================================================================
Received Import Request.
  Time since last request: 0.000215 seconds.
  path: Packages/com.unity.render-pipelines.core/Runtime/Debugging/Prefabs/Widgets/DebugUI Row.prefab
  artifactKey: Guid(2d019437ff89b8d44949727731cd9357) Importer(815301076,1909f56bfc062723c751e8b465ee728b)
Start importing Packages/com.unity.render-pipelines.core/Runtime/Debugging/Prefabs/Widgets/DebugUI Row.prefab using Guid(2d019437ff89b8d44949727731cd9357) Importer(815301076,1909f56bfc062723c751e8b465ee728b)  -> (artifact id: '17fe18e75ec0f2ff811eca3c93e59033') in 0.012854 seconds 
  Import took 0.033849 seconds .

========================================================================
Received Import Request.
  Time since last request: 0.000333 seconds.
  path: Packages/com.unity.render-pipelines.core/Runtime/Debugging/Prefabs/Widgets/DebugUI ToggleHistory.prefab
  artifactKey: Guid(5088d0220f0c4df439cf06c5c270eacb) Importer(815301076,1909f56bfc062723c751e8b465ee728b)
Start importing Packages/com.unity.render-pipelines.core/Runtime/Debugging/Prefabs/Widgets/DebugUI ToggleHistory.prefab using Guid(5088d0220f0c4df439cf06c5c270eacb) Importer(815301076,1909f56bfc062723c751e8b465ee728b)  -> (artifact id: 'c99603b12e42c656a7fb3cc69739c7c6') in 0.111023 seconds 
  Import took 0.119885 seconds .

========================================================================
Received Import Request.
  Time since last request: 0.000208 seconds.
  path: Packages/com.unity.render-pipelines.core/Runtime/Debugging/Prefabs/Widgets/DebugUI HBox.prefab
  artifactKey: Guid(f7f5e36797cf0c1408561665c67b179b) Importer(815301076,1909f56bfc062723c751e8b465ee728b)
Start importing Packages/com.unity.render-pipelines.core/Runtime/Debugging/Prefabs/Widgets/DebugUI HBox.prefab using Guid(f7f5e36797cf0c1408561665c67b179b) Importer(815301076,1909f56bfc062723c751e8b465ee728b)  -> (artifact id: '30ef561e8ee6f42a9114aa364649d744') in 0.009611 seconds 
  Import took 0.017787 seconds .

========================================================================
Received Import Request.
  Time since last request: 0.000243 seconds.
  path: Packages/com.unity.render-pipelines.core/Runtime/Debugging/Prefabs/Widgets/DebugUI Foldout.prefab
  artifactKey: Guid(1c87ab2ce8b8b304d98fbe9a734b1f74) Importer(815301076,1909f56bfc062723c751e8b465ee728b)
Start importing Packages/com.unity.render-pipelines.core/Runtime/Debugging/Prefabs/Widgets/DebugUI Foldout.prefab using Guid(1c87ab2ce8b8b304d98fbe9a734b1f74) Importer(815301076,1909f56bfc062723c751e8b465ee728b)  -> (artifact id: '5c3fe7dcf3664f93d0d614910fcc21d1') in 0.014511 seconds 
  Import took 0.024844 seconds .

========================================================================
Received Import Request.
  Time since last request: 0.000261 seconds.
  path: Packages/com.unity.analytics/DataPrivacy/DataPrivacyButton.prefab
  artifactKey: Guid(71b11355001648444b41d17fd36c150d) Importer(815301076,1909f56bfc062723c751e8b465ee728b)
Start importing Packages/com.unity.analytics/DataPrivacy/DataPrivacyButton.prefab using Guid(71b11355001648444b41d17fd36c150d) Importer(815301076,1909f56bfc062723c751e8b465ee728b)  -> (artifact id: '09f9b9e315ebd1998aa1d3e23c6e34d4') in 0.046117 seconds 
  Import took 0.067022 seconds .

========================================================================
Received Import Request.
  Time since last request: 0.000260 seconds.
  path: Packages/com.unity.render-pipelines.core/Runtime/Debugging/Prefabs/Widgets/DebugUI Panel.prefab
  artifactKey: Guid(daa46a58178a6ad41ae1ddc2dc7f856d) Importer(815301076,1909f56bfc062723c751e8b465ee728b)
Start importing Packages/com.unity.render-pipelines.core/Runtime/Debugging/Prefabs/Widgets/DebugUI Panel.prefab using Guid(daa46a58178a6ad41ae1ddc2dc7f856d) Importer(815301076,1909f56bfc062723c751e8b465ee728b)  -> (artifact id: '90525d92a120443c0a9abb3b8852cf22') in 0.022481 seconds 
  Import took 0.066216 seconds .

========================================================================
Received Import Request.
  Time since last request: 0.000168 seconds.
  path: Packages/com.unity.render-pipelines.core/Runtime/Debugging/Prefabs/Widgets/DebugUI UIntField.prefab
  artifactKey: Guid(f22bcc84a5f4a1944b075a2c4ac71493) Importer(815301076,1909f56bfc062723c751e8b465ee728b)
Start importing Packages/com.unity.render-pipelines.core/Runtime/Debugging/Prefabs/Widgets/DebugUI UIntField.prefab using Guid(f22bcc84a5f4a1944b075a2c4ac71493) Importer(815301076,1909f56bfc062723c751e8b465ee728b)  -> (artifact id: '6e7ef1215a9624305038a72f4993b689') in 0.009711 seconds 
  Import took 0.016705 seconds .

========================================================================
Received Import Request.
  Time since last request: 0.000207 seconds.
  path: Packages/com.unity.render-pipelines.core/Runtime/Debugging/Prefabs/Widgets/DebugUI Color.prefab
  artifactKey: Guid(77c185820dd1a464eac89cae3abccddf) Importer(815301076,1909f56bfc062723c751e8b465ee728b)
Start importing Packages/com.unity.render-pipelines.core/Runtime/Debugging/Prefabs/Widgets/DebugUI Color.prefab using Guid(77c185820dd1a464eac89cae3abccddf) Importer(815301076,1909f56bfc062723c751e8b465ee728b)  -> (artifact id: 'a105a046fba017d436298a8032bdb504') in 0.014348 seconds 
  Import took 0.021147 seconds .

========================================================================
Received Import Request.
  Time since last request: 0.000194 seconds.
  path: Packages/com.unity.render-pipelines.core/Runtime/Debugging/Prefabs/Widgets/DebugUI Value.prefab
  artifactKey: Guid(dc0f88987826e6e48b1fe9c7c2b53a53) Importer(815301076,1909f56bfc062723c751e8b465ee728b)
Start importing Packages/com.unity.render-pipelines.core/Runtime/Debugging/Prefabs/Widgets/DebugUI Value.prefab using Guid(dc0f88987826e6e48b1fe9c7c2b53a53) Importer(815301076,1909f56bfc062723c751e8b465ee728b)  -> (artifact id: '0dcb3708e10b7415dd1a6a0234afcd77') in 0.008427 seconds 
  Import took 0.015817 seconds .

========================================================================
Received Import Request.
  Time since last request: 0.000203 seconds.
  path: Packages/com.unity.render-pipelines.core/Runtime/Debugging/Prefabs/Widgets/DebugUI Button.prefab
  artifactKey: Guid(f6ce33b91f6ffe54cadacbf4bb112440) Importer(815301076,1909f56bfc062723c751e8b465ee728b)
Start importing Packages/com.unity.render-pipelines.core/Runtime/Debugging/Prefabs/Widgets/DebugUI Button.prefab using Guid(f6ce33b91f6ffe54cadacbf4bb112440) Importer(815301076,1909f56bfc062723c751e8b465ee728b)  -> (artifact id: 'f156d650df4486540cf57b67dcd83793') in 0.016229 seconds 
  Import took 0.023483 seconds .

========================================================================
Received Import Request.
  Time since last request: 0.000175 seconds.
  path: Packages/com.unity.render-pipelines.core/Runtime/Debugging/Prefabs/Widgets/DebugUI IntField.prefab
  artifactKey: Guid(ae00bb75e0cd5b04b8fe7fb4ab662629) Importer(815301076,1909f56bfc062723c751e8b465ee728b)
Start importing Packages/com.unity.render-pipelines.core/Runtime/Debugging/Prefabs/Widgets/DebugUI IntField.prefab using Guid(ae00bb75e0cd5b04b8fe7fb4ab662629) Importer(815301076,1909f56bfc062723c751e8b465ee728b)  -> (artifact id: 'd4fe9ef0493d803b9ac90fc5d4755a35') in 0.011738 seconds 
  Import took 0.018668 seconds .

========================================================================
Received Import Request.
  Time since last request: 0.000208 seconds.
  path: Packages/com.unity.render-pipelines.core/Runtime/Debugging/Prefabs/Widgets/DebugUI Vector4.prefab
  artifactKey: Guid(d47f009476100f545971a81ede14c750) Importer(815301076,1909f56bfc062723c751e8b465ee728b)
Start importing Packages/com.unity.render-pipelines.core/Runtime/Debugging/Prefabs/Widgets/DebugUI Vector4.prefab using Guid(d47f009476100f545971a81ede14c750) Importer(815301076,1909f56bfc062723c751e8b465ee728b)  -> (artifact id: '022c47c48deae49cc5cdb54e57f566b1') in 0.011205 seconds 
  Import took 0.021202 seconds .

========================================================================
Received Import Request.
  Time since last request: 0.000198 seconds.
  path: Packages/com.unity.render-pipelines.core/Runtime/Debugging/Prefabs/Widgets/DebugUI EnumField.prefab
  artifactKey: Guid(988db55689193434fb0b3b89538f978f) Importer(815301076,1909f56bfc062723c751e8b465ee728b)
Start importing Packages/com.unity.render-pipelines.core/Runtime/Debugging/Prefabs/Widgets/DebugUI EnumField.prefab using Guid(988db55689193434fb0b3b89538f978f) Importer(815301076,1909f56bfc062723c751e8b465ee728b)  -> (artifact id: '9119d7ed84615a08aa72b310287aeada') in 0.011177 seconds 
  Import took 0.017801 seconds .

========================================================================
Received Import Request.
  Time since last request: 0.000245 seconds.
  path: Packages/com.unity.render-pipelines.core/Runtime/Debugging/Prefabs/Widgets/DebugUI FloatField.prefab
  artifactKey: Guid(7d4fd3415ea7dd64bbcfe13fb48a730b) Importer(815301076,1909f56bfc062723c751e8b465ee728b)
Start importing Packages/com.unity.render-pipelines.core/Runtime/Debugging/Prefabs/Widgets/DebugUI FloatField.prefab using Guid(7d4fd3415ea7dd64bbcfe13fb48a730b) Importer(815301076,1909f56bfc062723c751e8b465ee728b)  -> (artifact id: 'af04fb2b8f3c4fa2627fce2c7b55295e') in 0.009985 seconds 
  Import took 0.017278 seconds .

========================================================================
Received Import Request.
  Time since last request: 0.000175 seconds.
  path: Packages/com.unity.render-pipelines.core/Runtime/Debugging/Prefabs/Widgets/DebugUI BitField.prefab
  artifactKey: Guid(7c78b588b2e1f7c4a86ca4a985cf6e4a) Importer(815301076,1909f56bfc062723c751e8b465ee728b)
Start importing Packages/com.unity.render-pipelines.core/Runtime/Debugging/Prefabs/Widgets/DebugUI BitField.prefab using Guid(7c78b588b2e1f7c4a86ca4a985cf6e4a) Importer(815301076,1909f56bfc062723c751e8b465ee728b)  -> (artifact id: '5e67e8107717c4b5644a650f7cc15d06') in 0.022176 seconds 
  Import took 0.030818 seconds .

========================================================================
Received Import Request.
  Time since last request: 0.000205 seconds.
  path: Packages/com.unity.render-pipelines.core/Runtime/Debugging/Prefabs/Widgets/DebugUI Vector2.prefab
  artifactKey: Guid(326f7c58aed965d41bf7805a782d1e44) Importer(815301076,1909f56bfc062723c751e8b465ee728b)
Start importing Packages/com.unity.render-pipelines.core/Runtime/Debugging/Prefabs/Widgets/DebugUI Vector2.prefab using Guid(326f7c58aed965d41bf7805a782d1e44) Importer(815301076,1909f56bfc062723c751e8b465ee728b)  -> (artifact id: 'efaa9f02c5f33f6c3e48278ef1f378be') in 0.011620 seconds 
  Import took 0.018374 seconds .

========================================================================
Received Import Request.
  Time since last request: 0.000313 seconds.
  path: Packages/com.unity.render-pipelines.core/Runtime/Debugging/Prefabs/Widgets/DebugUI VBox.prefab
  artifactKey: Guid(ca3e294656861a64b8aeeb9f916da0a9) Importer(815301076,1909f56bfc062723c751e8b465ee728b)
Start importing Packages/com.unity.render-pipelines.core/Runtime/Debugging/Prefabs/Widgets/DebugUI VBox.prefab using Guid(ca3e294656861a64b8aeeb9f916da0a9) Importer(815301076,1909f56bfc062723c751e8b465ee728b)  -> (artifact id: 'fb8de8e2ea5ed85b6d2eabf816063ed0') in 0.009825 seconds 
  Import took 0.017578 seconds .

========================================================================
Received Import Request.
  Time since last request: 0.000217 seconds.
  path: Packages/com.unity.render-pipelines.core/Runtime/Debugging/Prefabs/Resources/DebugUI Canvas.prefab
  artifactKey: Guid(cf6cbdd672089a84796e55a21fed1cbe) Importer(815301076,1909f56bfc062723c751e8b465ee728b)
Start importing Packages/com.unity.render-pipelines.core/Runtime/Debugging/Prefabs/Resources/DebugUI Canvas.prefab using Guid(cf6cbdd672089a84796e55a21fed1cbe) Importer(815301076,1909f56bfc062723c751e8b465ee728b)  -> (artifact id: '43321f3fb00124ffc497d9f896f539d2') in 0.038174 seconds 
  Import took 0.057133 seconds .

========================================================================
Received Import Request.
  Time since last request: 0.000228 seconds.
  path: Packages/com.unity.render-pipelines.core/Runtime/Debugging/Prefabs/Widgets/DebugUI Toggle.prefab
  artifactKey: Guid(ce347ad101f41ee4ab5c3fbc0ea447db) Importer(815301076,1909f56bfc062723c751e8b465ee728b)
Start importing Packages/com.unity.render-pipelines.core/Runtime/Debugging/Prefabs/Widgets/DebugUI Toggle.prefab using Guid(ce347ad101f41ee4ab5c3fbc0ea447db) Importer(815301076,1909f56bfc062723c751e8b465ee728b)  -> (artifact id: 'd54c056a84d15e05e20f7a2cf365953e') in 0.010823 seconds 
  Import took 0.018520 seconds .

========================================================================
Received Import Request.
  Time since last request: 0.000179 seconds.
  path: Packages/com.unity.xr.legacyinputhelpers/Prefabs/XRRig.prefab
  artifactKey: Guid(c116b7497ab8ca34c9188965d4295e27) Importer(815301076,1909f56bfc062723c751e8b465ee728b)
Start importing Packages/com.unity.xr.legacyinputhelpers/Prefabs/XRRig.prefab using Guid(c116b7497ab8ca34c9188965d4295e27) Importer(815301076,1909f56bfc062723c751e8b465ee728b)  -> (artifact id: '4e0993ac88694dc4088532330439dbe4') in 0.015116 seconds 
  Import took 0.024535 seconds .

AssetImportWorkerClient::OnTransportError - code=2 error=End of file
